# JRE version: Java(TM) SE Runtime Environment (9.0+11) (build 9.0.4+11)
# Java VM: Java HotSpot(TM) 64-Bit Server VM (9.0.4+11, mixed mode, tiered, compressed oops, g1 gc, windows-amd64)
Heap:
 garbage-first heap   total 363520K, used 136864K [0x0000000700000000, 0x0000000700100b18, 0x00000007c0000000)
  region size 1024K, 24 young (24576K), 1 survivors (1024K)
 Metaspace       used 91835K, capacity 93753K, committed 101760K, reserved 1136640K
  class space    used 12604K, capacity 13034K, committed 14720K, reserved 1048576K
GC Heap History (10 events):
Event: 9513.192 GC heap before
{Heap before GC invocations=1688 (full 468):
 garbage-first heap   total 363520K, used 171825K [0x0000000700000000, 0x0000000700100b18, 0x00000007c0000000)
  region size 1024K, 60 young (61440K), 1 survivors (1024K)
 Metaspace       used 91835K, capacity 93753K, committed 101760K, reserved 1136640K
  class space    used 12604K, capacity 13034K, committed 14720K, reserved 1048576K
}
Event: 9513.195 GC heap after
{Heap after GC invocations=1689 (full 468):
 garbage-first heap   total 363520K, used 111250K [0x0000000700000000, 0x0000000700100b18, 0x00000007c0000000)
  region size 1024K, 1 young (1024K), 1 survivors (1024K)
 Metaspace       used 91835K, capacity 93753K, committed 101760K, reserved 1136640K
  class space    used 12604K, capacity 13034K, committed 14720K, reserved 1048576K
}
Event: 9516.060 GC heap before
{Heap before GC invocations=1689 (full 468):
 garbage-first heap   total 363520K, used 173714K [0x0000000700000000, 0x0000000700100b18, 0x00000007c0000000)
  region size 1024K, 60 young (61440K), 1 survivors (1024K)
 Metaspace       used 91835K, capacity 93753K, committed 101760K, reserved 1136640K
  class space    used 12604K, capacity 13034K, committed 14720K, reserved 1048576K
}
Event: 9516.061 GC heap after
{Heap after GC invocations=1690 (full 468):
 garbage-first heap   total 363520K, used 113484K [0x0000000700000000, 0x0000000700100b18, 0x00000007c0000000)
  region size 1024K, 1 young (1024K), 1 survivors (1024K)
 Metaspace       used 91835K, capacity 93753K, committed 101760K, reserved 1136640K
  class space    used 12604K, capacity 13034K, committed 14720K, reserved 1048576K
}
Event: 9517.952 GC heap before
{Heap before GC invocations=1690 (full 468):
 garbage-first heap   total 363520K, used 175948K [0x0000000700000000, 0x0000000700100b18, 0x00000007c0000000)
  region size 1024K, 60 young (61440K), 1 survivors (1024K)
 Metaspace       used 91835K, capacity 93753K, committed 101760K, reserved 1136640K
  class space    used 12604K, capacity 13034K, committed 14720K, reserved 1048576K
}
Event: 9517.953 GC heap after
{Heap after GC invocations=1691 (full 468):
 garbage-first heap   total 363520K, used 114587K [0x0000000700000000, 0x0000000700100b18, 0x00000007c0000000)
  region size 1024K, 1 young (1024K), 1 survivors (1024K)
 Metaspace       used 91835K, capacity 93753K, committed 101760K, reserved 1136640K
  class space    used 12604K, capacity 13034K, committed 14720K, reserved 1048576K
}
Event: 9518.062 GC heap before
{Heap before GC invocations=1691 (full 468):
 garbage-first heap   total 363520K, used 175003K [0x0000000700000000, 0x0000000700100b18, 0x00000007c0000000)
  region size 1024K, 60 young (61440K), 1 survivors (1024K)
 Metaspace       used 91835K, capacity 93753K, committed 101760K, reserved 1136640K
  class space    used 12604K, capacity 13034K, committed 14720K, reserved 1048576K
}
Event: 9518.063 GC heap after
{Heap after GC invocations=1692 (full 468):
 garbage-first heap   total 363520K, used 114358K [0x0000000700000000, 0x0000000700100b18, 0x00000007c0000000)
  region size 1024K, 1 young (1024K), 1 survivors (1024K)
 Metaspace       used 91835K, capacity 93753K, committed 101760K, reserved 1136640K
  class space    used 12604K, capacity 13034K, committed 14720K, reserved 1048576K
}
Event: 9518.170 GC heap before
{Heap before GC invocations=1692 (full 468):
 garbage-first heap   total 363520K, used 174774K [0x0000000700000000, 0x0000000700100b18, 0x00000007c0000000)
  region size 1024K, 60 young (61440K), 1 survivors (1024K)
 Metaspace       used 91835K, capacity 93753K, committed 101760K, reserved 1136640K
  class space    used 12604K, capacity 13034K, committed 14720K, reserved 1048576K
}
Event: 9518.172 GC heap after
{Heap after GC invocations=1693 (full 468):
 garbage-first heap   total 363520K, used 114336K [0x0000000700000000, 0x0000000700100b18, 0x00000007c0000000)
  region size 1024K, 1 young (1024K), 1 survivors (1024K)
 Metaspace       used 91835K, capacity 93753K, committed 101760K, reserved 1136640K
  class space    used 12604K, capacity 13034K, committed 14720K, reserved 1048576K
}

